<?xml version="1.0" encoding="utf-8"?><testsuites name="pytest tests"><testsuite name="pytest" errors="0" failures="0" skipped="0" tests="47" time="10.066" timestamp="2026-07-30T18:22:09.950978+00:00" hostname="agent-env-89cc0b69-342f-401d-85b1-47d67d3a1eb7"><testcase classname="tests.backend_test.TestAuth" name="test_register_new" time="0.378" /><testcase classname="tests.backend_test.TestProducts" name="test_filter_category_anime" time="0.366" /><testcase classname="tests.backend_test.TestProducts" name="test_filter_best_seller" time="0.061" /><testcase classname="tests.backend_test.TestAuth" name="test_login_wrong_password" time="0.307" /><testcase classname="tests.backend_test.TestProducts" name="test_filter_trending" time="0.243" /><testcase classname="tests.backend_test.TestProducts" name="test_filter_featured" time="0.053" /><testcase classname="tests.backend_test.TestAuth" name="test_login_unknown_email" time="0.098" /><testcase classname="tests.backend_test.TestProducts" name="test_search_q" time="0.090" /><testcase classname="tests.backend_test.TestAuth" name="test_login_demo" time="0.473" /><testcase classname="tests.backend_test.TestProducts" name="test_sort_price_asc" time="0.074" /><testcase classname="tests.backend_test.TestProducts" name="test_sort_price_desc" time="0.058" /><testcase classname="tests.backend_test.TestProducts" name="test_get_by_slug_computed" time="0.258" /><testcase classname="tests.test_iteration2.TestOtpRegistration" name="test_send_otp_new_user_returns_dev_code" time="0.577" /><testcase classname="tests.backend_test.TestAuth" name="test_me_and_update" time="0.605" /><testcase classname="tests.test_iteration2.TestOtpRegistration" name="test_send_otp_existing_email_400" time="0.074" /><testcase classname="tests.test_iteration2.TestOtpRegistration" name="test_verify_wrong_code_400" time="0.736" /><testcase classname="tests.backend_test.TestAuth" name="test_admin_login" time="0.735" /><testcase classname="tests.test_iteration2.TestOtpRegistration" name="test_verify_correct_code_returns_token" time="0.297" /><testcase classname="tests.backend_test.TestHealth" name="test_root" time="0.296" /><testcase classname="tests.test_iteration2.TestOtpRegistration" name="test_register_with_otp_token" time="0.290" /><testcase classname="tests.backend_test.TestHealth" name="test_settings" time="0.292" /><testcase classname="tests.test_iteration2.TestTestimonialsGallery" name="test_testimonials_seeded" time="0.067" /><testcase classname="tests.backend_test.TestHealth" name="test_categories" time="0.080" /><testcase classname="tests.test_iteration2.TestTestimonialsGallery" name="test_gallery_seeded" time="0.073" /><testcase classname="tests.backend_test.TestHealth" name="test_products_seeded" time="0.068" /><testcase classname="tests.backend_test.TestAdminGuards" name="test_analytics_requires_admin" time="0.281" /><testcase classname="tests.backend_test.TestAdminGuards" name="test_analytics_non_admin_forbidden" time="0.073" /><testcase classname="tests.test_iteration2.TestTestimonialsGallery" name="test_admin_testimonial_crud" time="0.790" /><testcase classname="tests.backend_test.TestAdminGuards" name="test_analytics_admin_ok" time="0.075" /><testcase classname="tests.test_iteration2.TestTestimonialsGallery" name="test_admin_gallery_crud" time="0.148" /><testcase classname="tests.test_iteration2.TestUpload" name="test_upload_and_fetch" time="0.791" /><testcase classname="tests.backend_test.TestAdminCRUD" name="test_product_crud" time="0.457" /><testcase classname="tests.test_iteration2.TestUpload" name="test_upload_rejects_non_image" time="0.125" /><testcase classname="tests.test_iteration2.TestUpload" name="test_upload_requires_admin" time="0.198" /><testcase classname="tests.backend_test.TestAdminCRUD" name="test_settings_update" time="0.208" /><testcase classname="tests.backend_test.TestAdminCRUD" name="test_category_create" time="0.304" /><testcase classname="tests.backend_test.TestOrderLifecycle" name="test_full_flow" time="2.780" /><testcase classname="tests.test_iteration2.TestPasswordReset" name="test_reset_flow" time="1.775" /><testcase classname="tests.test_iteration2.TestPasswordReset" name="test_send_otp_reset_unknown_email" time="0.051" /><testcase classname="tests.backend_test.TestWishlist" name="test_toggle" time="0.884" /><testcase classname="tests.backend_test.TestOrderLifecycle" name="test_cancel_flow" time="0.790" /><testcase classname="tests.test_iteration2.TestNewsletter" name="test_subscribe_idempotent" time="0.263" /><testcase classname="tests.test_iteration2.TestRestockAlert" name="test_restock_persist" time="0.191" /><testcase classname="tests.backend_test.TestCart" name="test_cart_full_flow" time="0.521" /><testcase classname="tests.test_iteration2.TestActivity" name="test_activity_records_discount" time="0.624" /><testcase classname="tests.test_iteration2.TestAnalytics" name="test_analytics_shape" time="0.289" /><testcase classname="tests.test_iteration2.TestDiscounts" name="test_percent_discount_on_product" time="0.756" /></testsuite></testsuites>