<?xml version="1.0" encoding="utf-8"?><testsuites name="pytest tests"><testsuite name="pytest" errors="0" failures="0" skipped="0" tests="28" time="5.403" timestamp="2026-07-30T17:12:26.210198+00:00" hostname="agent-env-89cc0b69-342f-401d-85b1-47d67d3a1eb7"><testcase classname="tests.backend_test.TestProducts" name="test_filter_category_anime" time="0.249" /><testcase classname="tests.backend_test.TestAuth" name="test_register_new" time="0.535" /><testcase classname="tests.backend_test.TestProducts" name="test_filter_best_seller" time="0.291" /><testcase classname="tests.backend_test.TestAuth" name="test_login_wrong_password" time="0.285" /><testcase classname="tests.backend_test.TestProducts" name="test_filter_trending" time="0.282" /><testcase classname="tests.backend_test.TestAuth" name="test_login_unknown_email" time="0.061" /><testcase classname="tests.backend_test.TestProducts" name="test_filter_featured" time="0.067" /><testcase classname="tests.backend_test.TestAuth" name="test_login_demo" time="0.282" /><testcase classname="tests.backend_test.TestProducts" name="test_search_q" time="0.276" /><testcase classname="tests.backend_test.TestProducts" name="test_sort_price_asc" time="0.286" /><testcase classname="tests.backend_test.TestAuth" name="test_me_and_update" time="0.416" /><testcase classname="tests.backend_test.TestProducts" name="test_sort_price_desc" time="0.074" /><testcase classname="tests.backend_test.TestProducts" name="test_get_by_slug_computed" time="0.119" /><testcase classname="tests.backend_test.TestAdminGuards" name="test_analytics_requires_admin" time="0.221" /><testcase classname="tests.backend_test.TestAuth" name="test_admin_login" time="0.348" /><testcase classname="tests.backend_test.TestHealth" name="test_root" time="0.231" /><testcase classname="tests.backend_test.TestHealth" name="test_settings" time="0.063" /><testcase classname="tests.backend_test.TestAdminGuards" name="test_analytics_non_admin_forbidden" time="0.356" /><testcase classname="tests.backend_test.TestHealth" name="test_categories" time="0.059" /><testcase classname="tests.backend_test.TestHealth" name="test_products_seeded" time="0.234" /><testcase classname="tests.backend_test.TestAdminGuards" name="test_analytics_admin_ok" time="0.584" /><testcase classname="tests.backend_test.TestAdminCRUD" name="test_product_crud" time="0.216" /><testcase classname="tests.backend_test.TestOrderLifecycle" name="test_full_flow" time="1.249" /><testcase classname="tests.backend_test.TestAdminCRUD" name="test_settings_update" time="0.247" /><testcase classname="tests.backend_test.TestAdminCRUD" name="test_category_create" time="0.218" /><testcase classname="tests.backend_test.TestWishlist" name="test_toggle" time="0.634" /><testcase classname="tests.backend_test.TestOrderLifecycle" name="test_cancel_flow" time="0.687" /><testcase classname="tests.backend_test.TestCart" name="test_cart_full_flow" time="0.397" /></testsuite></testsuites>